# JRE version: OpenJDK Runtime Environment (17.0.7) (build 17.0.7+0-b2043.56-10550314)
# Java VM: OpenJDK 64-Bit Server VM (17.0.7+0-b2043.56-10550314, mixed mode, tiered, compressed oops, compressed class ptrs, g1 gc, windows-amd64)
GC Precious Log:
 CPUs: 8 total, 8 available
 Memory: 3860M
 Large Page Support: Disabled
 NUMA Support: Disabled
 Compressed Oops: Enabled (32-bit)
 Heap Region Size: 1M
 Heap Min Capacity: 8M
 Heap Initial Capacity: 62M
 Heap Max Capacity: 2G
 Pre-touch: Disabled
 Parallel Workers: 8
 Concurrent Workers: 2
 Concurrent Refinement Workers: 8
 Periodic GC: Disabled
Heap:
 garbage-first heap   total 400384K, used 166064K [0x0000000080000000, 0x0000000100000000)
  region size 1024K, 10 young (10240K), 10 survivors (10240K)
 Metaspace       used 115086K, committed 115776K, reserved 1179648K
  class space    used 15801K, committed 16128K, reserved 1048576K
GC Heap History (20 events):
Event: 21.454 GC heap after
{Heap after GC invocations=52 (full 0):
 garbage-first heap   total 140288K, used 78975K [0x0000000080000000, 0x0000000100000000)
  region size 1024K, 6 young (6144K), 6 survivors (6144K)
 Metaspace       used 90638K, committed 91392K, reserved 1179648K
  class space    used 12493K, committed 12864K, reserved 1048576K
}
Event: 22.473 GC heap before
{Heap before GC invocations=52 (full 0):
 garbage-first heap   total 140288K, used 112767K [0x0000000080000000, 0x0000000100000000)
  region size 1024K, 40 young (40960K), 6 survivors (6144K)
 Metaspace       used 92470K, committed 93184K, reserved 1179648K
  class space    used 12772K, committed 13120K, reserved 1048576K
}
Event: 22.491 GC heap after
{Heap after GC invocations=53 (full 0):
 garbage-first heap   total 140288K, used 83695K [0x0000000080000000, 0x0000000100000000)
  region size 1024K, 5 young (5120K), 5 survivors (5120K)
 Metaspace       used 92470K, committed 93184K, reserved 1179648K
  class space    used 12772K, committed 13120K, reserved 1048576K
}
Event: 22.834 GC heap before
{Heap before GC invocations=53 (full 0):
 garbage-first heap   total 140288K, used 113391K [0x0000000080000000, 0x0000000100000000)
  region size 1024K, 35 young (35840K), 5 survivors (5120K)
 Metaspace       used 93028K, committed 93760K, reserved 1179648K
  class space    used 12899K, committed 13248K, reserved 1048576K
}
Event: 22.875 GC heap after
{Heap after GC invocations=54 (full 0):
 garbage-first heap   total 140288K, used 88825K [0x0000000080000000, 0x0000000100000000)
  region size 1024K, 5 young (5120K), 5 survivors (5120K)
 Metaspace       used 93028K, committed 93760K, reserved 1179648K
  class space    used 12899K, committed 13248K, reserved 1048576K
}
Event: 23.434 GC heap before
{Heap before GC invocations=55 (full 0):
 garbage-first heap   total 162816K, used 113401K [0x0000000080000000, 0x0000000100000000)
  region size 1024K, 30 young (30720K), 5 survivors (5120K)
 Metaspace       used 93169K, committed 93888K, reserved 1179648K
  class space    used 12900K, committed 13248K, reserved 1048576K
}
Event: 23.448 GC heap after
{Heap after GC invocations=56 (full 0):
 garbage-first heap   total 162816K, used 90713K [0x0000000080000000, 0x0000000100000000)
  region size 1024K, 4 young (4096K), 4 survivors (4096K)
 Metaspace       used 93169K, committed 93888K, reserved 1179648K
  class space    used 12900K, committed 13248K, reserved 1048576K
}
Event: 23.534 GC heap before
{Heap before GC invocations=56 (full 0):
 garbage-first heap   total 162816K, used 93785K [0x0000000080000000, 0x0000000100000000)
  region size 1024K, 7 young (7168K), 4 survivors (4096K)
 Metaspace       used 93171K, committed 93888K, reserved 1179648K
  class space    used 12900K, committed 13248K, reserved 1048576K
}
Event: 23.544 GC heap after
{Heap after GC invocations=57 (full 0):
 garbage-first heap   total 400384K, used 89696K [0x0000000080000000, 0x0000000100000000)
  region size 1024K, 1 young (1024K), 1 survivors (1024K)
 Metaspace       used 93171K, committed 93888K, reserved 1179648K
  class space    used 12900K, committed 13248K, reserved 1048576K
}
Event: 29.797 GC heap before
{Heap before GC invocations=57 (full 0):
 garbage-first heap   total 400384K, used 326240K [0x0000000080000000, 0x0000000100000000)
  region size 1024K, 197 young (201728K), 1 survivors (1024K)
 Metaspace       used 102964K, committed 103744K, reserved 1179648K
  class space    used 13979K, committed 14336K, reserved 1048576K
}
Event: 29.994 GC heap after
{Heap after GC invocations=58 (full 0):
 garbage-first heap   total 400384K, used 97705K [0x0000000080000000, 0x0000000100000000)
  region size 1024K, 9 young (9216K), 9 survivors (9216K)
 Metaspace       used 102964K, committed 103744K, reserved 1179648K
  class space    used 13979K, committed 14336K, reserved 1048576K
}
Event: 36.882 GC heap before
{Heap before GC invocations=58 (full 0):
 garbage-first heap   total 400384K, used 311721K [0x0000000080000000, 0x0000000100000000)
  region size 1024K, 219 young (224256K), 9 survivors (9216K)
 Metaspace       used 105007K, committed 105728K, reserved 1179648K
  class space    used 14238K, committed 14592K, reserved 1048576K
}
Event: 37.085 GC heap after
{Heap after GC invocations=59 (full 0):
 garbage-first heap   total 400384K, used 110176K [0x0000000080000000, 0x0000000100000000)
  region size 1024K, 21 young (21504K), 21 survivors (21504K)
 Metaspace       used 105007K, committed 105728K, reserved 1179648K
  class space    used 14238K, committed 14592K, reserved 1048576K
}
Event: 42.088 GC heap before
{Heap before GC invocations=59 (full 0):
 garbage-first heap   total 400384K, used 285280K [0x0000000080000000, 0x0000000100000000)
  region size 1024K, 193 young (197632K), 21 survivors (21504K)
 Metaspace       used 112328K, committed 113024K, reserved 1179648K
  class space    used 15365K, committed 15680K, reserved 1048576K
}
Event: 42.740 GC heap after
{Heap after GC invocations=60 (full 0):
 garbage-first heap   total 400384K, used 137474K [0x0000000080000000, 0x0000000100000000)
  region size 1024K, 25 young (25600K), 25 survivors (25600K)
 Metaspace       used 112328K, committed 113024K, reserved 1179648K
  class space    used 15365K, committed 15680K, reserved 1048576K
}
Event: 42.852 GC heap before
{Heap before GC invocations=60 (full 0):
 garbage-first heap   total 400384K, used 138498K [0x0000000080000000, 0x0000000100000000)
  region size 1024K, 26 young (26624K), 25 survivors (25600K)
 Metaspace       used 112338K, committed 113088K, reserved 1179648K
  class space    used 15365K, committed 15744K, reserved 1048576K
}
Event: 42.905 GC heap after
{Heap after GC invocations=61 (full 0):
 garbage-first heap   total 400384K, used 142745K [0x0000000080000000, 0x0000000100000000)
  region size 1024K, 4 young (4096K), 4 survivors (4096K)
 Metaspace       used 112338K, committed 113088K, reserved 1179648K
  class space    used 15365K, committed 15744K, reserved 1048576K
}
Event: 45.646 GC heap before
{Heap before GC invocations=61 (full 0):
 garbage-first heap   total 400384K, used 234905K [0x0000000080000000, 0x0000000100000000)
  region size 1024K, 95 young (97280K), 4 survivors (4096K)
 Metaspace       used 114832K, committed 115584K, reserved 1179648K
  class space    used 15761K, committed 16128K, reserved 1048576K
}
Event: 45.768 GC heap after
{Heap after GC invocations=62 (full 0):
 garbage-first heap   total 400384K, used 155136K [0x0000000080000000, 0x0000000100000000)
  region size 1024K, 12 young (12288K), 12 survivors (12288K)
 Metaspace       used 114832K, committed 115584K, reserved 1179648K
  class space    used 15761K, committed 16128K, reserved 1048576K
}
Event: 47.018 GC heap before
{Heap before GC invocations=62 (full 0):
 garbage-first heap   total 400384K, used 217600K [0x0000000080000000, 0x0000000100000000)
  region size 1024K, 73 young (74752K), 12 survivors (12288K)
 Metaspace       used 115086K, committed 115776K, reserved 1179648K
  class space    used 15801K, committed 16128K, reserved 1048576K
}

